<?xml version="1.0" encoding="UTF-8"?>
<!-- Generated by org.testng.reporters.JUnitReportReporter -->
<testsuite hostname="DESKTOP-BOOS582" failures="0" tests="1" name="com.demoGlaze.DemoGlaze.SignupTest" time="13.681" errors="0" timestamp="2023-07-04T11:16:17 IST" skipped="0">
  <testcase classname="com.demoGlaze.DemoGlaze.SignupTest" name="signupTest" time="13.681"/>
  <system-out/>
</testsuite> <!-- com.demoGlaze.DemoGlaze.SignupTest -->
